<?xml version="1.0" encoding="UTF-8"?>
<!-- Generated by org.testng.reporters.JUnitReportReporter -->
<testsuite hostname="DESKTOP-4J3GCL1" failures="0" tests="5" name="TestNG_01.test1" time="0.033" errors="0" timestamp="2021-03-27T16:51:25 IST" skipped="1">
  <testcase classname="TestNG_01.test1" name="calls" time="0.004"/>
  <system-out>
calls  </system-out>
  <testcase classname="TestNG_01.test1" name="calls" time="0.021"/>
  <system-out>
calls  </system-out>
  <testcase classname="TestNG_01.test1" name="chats" time="0.002"/>
  <system-out>
chats  </system-out>
  <testcase classname="TestNG_01.test1" name="calls" time="0.006"/>
  <system-out>
calls  </system-out>
  <testcase classname="TestNG_01.test1" name="block">
    <skipped/>
  </testcase> <!-- block -->
  <system-out/>
</testsuite> <!-- TestNG_01.test1 -->
