<?xml version="1.0" encoding="UTF-8"?>
<!-- Generated by org.testng.reporters.JUnitReportReporter -->
<testsuite hostname="DESKTOP-4J3GCL1" failures="0" tests="1" name="TestNG_01.ActiTImeForgetPass" time="29.357" errors="0" timestamp="2021-03-27T17:41:48 IST" skipped="0">
  <testcase classname="TestNG_01.ActiTImeForgetPass" name="forgetpass" time="29.357"/>
  <system-out>
actiTIME - Login  </system-out>
</testsuite> <!-- TestNG_01.ActiTImeForgetPass -->
