<?xml version="1.0" encoding="UTF-8"?>
<!-- Generated by org.testng.reporters.JUnitReportReporter -->
<testsuite hostname="DESKTOP-4J3GCL1" failures="0" tests="5" name="TestNG.Test1" time="0.019" errors="0" timestamp="2021-03-27T14:31:49 IST" skipped="1">
  <testcase classname="TestNG.Test1" name="calls" time="0.002"/>
  <system-out>
calls  </system-out>
  <testcase classname="TestNG.Test1" name="calls" time="0.013"/>
  <system-out>
calls  </system-out>
  <testcase classname="TestNG.Test1" name="chats" time="0.002"/>
  <system-out>
chats  </system-out>
  <testcase classname="TestNG.Test1" name="calls" time="0.002"/>
  <system-out>
calls  </system-out>
  <testcase classname="TestNG.Test1" name="block">
    <skipped/>
  </testcase> <!-- block -->
  <system-out/>
</testsuite> <!-- TestNG.Test1 -->
