<?xml version="1.0" encoding="UTF-8"?>
<!-- Generated by org.testng.reporters.JUnitReportReporter -->
<testsuite hostname="DESKTOP-4J3GCL1" failures="0" tests="1" name="TestNG_01.TestCase02" time="7.600" errors="0" timestamp="2021-03-27T14:38:20 IST" skipped="0">
  <testcase classname="TestNG_01.TestCase02" name="forgotPassword" time="7.600"/>
  <system-out>
Forgotten Password | Can't Log In | Facebook  </system-out>
</testsuite> <!-- TestNG_01.TestCase02 -->
