<?xml version="1.0" encoding="UTF-8"?>
<!-- Generated by org.testng.reporters.JUnitReportReporter -->
<testsuite hostname="DESKTOP-4J3GCL1" failures="0" tests="1" name="TestNG_01.TestCase03" time="12.586" errors="0" timestamp="2021-03-27T14:38:20 IST" skipped="0">
  <testcase classname="TestNG_01.TestCase03" name="getstarted" time="12.586"/>
  <system-out>
Log in to Facebook https://www.facebook.com/login/?next=https%3A%2F%2Fwww.facebook.com%2Fpages%2Fcreate%2F%3Fref_type%3Dregistration_form  </system-out>
</testsuite> <!-- TestNG_01.TestCase03 -->
