<?xml version="1.0" encoding="UTF-8"?>
<!-- Generated by org.testng.reporters.JUnitReportReporter -->
<testsuite hostname="DESKTOP-4J3GCL1" failures="0" tests="1" name="scripts.FaceBookLike" time="26.405" errors="0" timestamp="2021-04-09T12:04:54 IST" skipped="0">
  <testcase classname="scripts.FaceBookLike" name="facebooklikebtn" time="26.405"/>
</testsuite> <!-- scripts.FaceBookLike -->
