<?xml version="1.0" encoding="UTF-8"?>
<!-- Generated by org.testng.reporters.JUnitReportReporter -->
<testsuite hostname="DESKTOP-4J3GCL1" failures="0" tests="1" name="scripts.AddingCoursetocart" time="25.099" errors="0" timestamp="2021-04-26T09:47:48 IST" skipped="0">
  <testcase classname="scripts.AddingCoursetocart" name="addingTocart" time="25.099"/>
</testsuite> <!-- scripts.AddingCoursetocart -->
