<?xml version="1.0" encoding="UTF-8"?>
<!-- Generated by org.testng.reporters.JUnitReportReporter -->
<testsuite hostname="DESKTOP-4J3GCL1" failures="0" tests="1" name="GenericLib.Demo" time="0.030" errors="0" timestamp="2021-04-24T12:37:24 IST" skipped="0">
  <testcase classname="GenericLib.Demo" name="read" time="0.030"/>
  <system-out/>
</testsuite> <!-- GenericLib.Demo -->
